mysql> mysql> show engine innodb status\G;
*************************** 1. row ***************************
  Type: InnoDB
  Name:
Status:
=====================================
2020-01-16 01:23:43 0x7fa8a805d700 INNODB MONITOR OUTPUT
=====================================
Per second averages calculated from the last 43 seconds
-----------------
BACKGROUND THREAD
-----------------
srv_master_thread loops: 24 srv_active, 0 srv_shutdown, 3935 srv_idle
srv_master_thread log flush and writes: 3946
----------
SEMAPHORES
----------
OS WAIT ARRAY INFO: reservation count 15
OS WAIT ARRAY INFO: signal count 15
RW-shared spins 0, rounds 29, OS waits 13
RW-excl spins 0, rounds 0, OS waits 0
RW-sx spins 0, rounds 0, OS waits 0
Spin rounds per wait: 29.00 RW-shared, 0.00 RW-excl, 0.00 RW-sx
------------------------
LATEST DETECTED DEADLOCK
------------------------
2020-01-15 13:06:47 0x7fa8a809e700
*** (1) TRANSACTION:
TRANSACTION 2092, ACTIVE 33 sec starting index read
mysql tables in use 1, locked 1
LOCK WAIT 3 lock struct(s), heap size 1136, 2 row lock(s)
MySQL thread id 6, OS thread handle 140362350720768, query id 3726 172.17.0.1 root updating
update t_schedule_screening set seat_total_number=116 , seat_remaining_number=111 where third_id='13579' and third_from='maoyan' and seq_no='202001140377709'
*** (1) WAITING FOR THIS LOCK TO BE GRANTED:
RECORD LOCKS space id 50 page no 4 n bits 200 index third_id_third_from_seq_no of table `cmovie_info`.`t_schedule_screening` trx id 2092 lock_mode X locks rec but not gap waiting
Record lock, heap no 92 PHYSICAL RECORD: n_fields 4; compact format; info bits 0
 0: len 5; hex 3133353739; asc 13579;;
 1: len 6; hex 6d616f79616e; asc maoyan;;
 2: len 15; hex 323032303031313430333737373039; asc 202001140377709;;
 3: len 8; hex 8000000098196c13; asc       l ;;

*** (2) TRANSACTION:
TRANSACTION 2093, ACTIVE 32 sec starting index read
mysql tables in use 1, locked 1
3 lock struct(s), heap size 1136, 2 row lock(s)
MySQL thread id 7, OS thread handle 140362350454528, query id 3727 172.17.0.1 root updating
update t_schedule_screening set seat_total_number=116 , seat_remaining_number=111 where third_id='13579' and third_from='maoyan' and seq_no='202001140377709'
*** (2) HOLDS THE LOCK(S):
RECORD LOCKS space id 50 page no 4 n bits 200 index third_id_third_from_seq_no of table `cmovie_info`.`t_schedule_screening` trx id 2093 lock mode S
Record lock, heap no 92 PHYSICAL RECORD: n_fields 4; compact format; info bits 0
 0: len 5; hex 3133353739; asc 13579;;
 1: len 6; hex 6d616f79616e; asc maoyan;;
 2: len 15; hex 323032303031313430333737373039; asc 202001140377709;;
 3: len 8; hex 8000000098196c13; asc       l ;;

*** (2) WAITING FOR THIS LOCK TO BE GRANTED:
RECORD LOCKS space id 50 page no 4 n bits 200 index third_id_third_from_seq_no of table `cmovie_info`.`t_schedule_screening` trx id 2093 lock_mode X locks rec but not gap waiting
Record lock, heap no 92 PHYSICAL RECORD: n_fields 4; compact format; info bits 0
 0: len 5; hex 3133353739; asc 13579;;
 1: len 6; hex 6d616f79616e; asc maoyan;;
 2: len 15; hex 323032303031313430333737373039; asc 202001140377709;;
 3: len 8; hex 8000000098196c13; asc       l ;;

*** WE ROLL BACK TRANSACTION (2)
------------
TRANSACTIONS
------------
Trx id counter 2094
Purge done for trx's n:o < 2066 undo n:o < 0 state: running but idle
History list length 4
LIST OF TRANSACTIONS FOR EACH SESSION:
---TRANSACTION 421837733970472, not started
0 lock struct(s), heap size 1136, 0 row lock(s)
---TRANSACTION 421837733969552, not started
0 lock struct(s), heap size 1136, 0 row lock(s)
---TRANSACTION 421837733968632, not started
0 lock struct(s), heap size 1136, 0 row lock(s)
--------
FILE I/O
--------
I/O thread 0 state: waiting for completed aio requests (insert buffer thread)
I/O thread 1 state: waiting for completed aio requests (log thread)
I/O thread 2 state: waiting for completed aio requests (read thread)
I/O thread 3 state: waiting for completed aio requests (read thread)
I/O thread 4 state: waiting for completed aio requests (read thread)
I/O thread 5 state: waiting for completed aio requests (read thread)
I/O thread 6 state: waiting for completed aio requests (write thread)
I/O thread 7 state: waiting for completed aio requests (write thread)
I/O thread 8 state: waiting for completed aio requests (write thread)
I/O thread 9 state: waiting for completed aio requests (write thread)
Pending normal aio reads: [0, 0, 0, 0] , aio writes: [0, 0, 0, 0] ,
 ibuf aio reads:, log i/o's:, sync i/o's:
Pending flushes (fsync) log: 0; buffer pool: 0
482 OS file reads, 994 OS file writes, 497 OS fsyncs
0.00 reads/s, 0 avg bytes/read, 0.00 writes/s, 0.00 fsyncs/s
-------------------------------------
INSERT BUFFER AND ADAPTIVE HASH INDEX
-------------------------------------
Ibuf: size 1, free list len 0, seg size 2, 0 merges
merged operations:
 insert 0, delete mark 0, delete 0
discarded operations:
 insert 0, delete mark 0, delete 0
Hash table size 34673, node heap has 0 buffer(s)
Hash table size 34673, node heap has 0 buffer(s)
Hash table size 34673, node heap has 1 buffer(s)
Hash table size 34673, node heap has 0 buffer(s)
Hash table size 34673, node heap has 1 buffer(s)
Hash table size 34673, node heap has 1 buffer(s)
Hash table size 34673, node heap has 0 buffer(s)
Hash table size 34673, node heap has 0 buffer(s)
0.00 hash searches/s, 0.00 non-hash searches/s
---
LOG
---
Log sequence number 12772447
Log flushed up to   12772447
Pages flushed up to 12772447
Last checkpoint at  12772438
0 pending log flushes, 0 pending chkp writes
277 log i/o's done, 0.00 log i/o's/second
----------------------
BUFFER POOL AND MEMORY
----------------------
Total large memory allocated 137428992
Dictionary memory allocated 388881
Buffer pool size   8191
Free buffers       7434
Database pages     754
Old database pages 270
Modified db pages  0
Pending reads      0
Pending writes: LRU 0, flush list 0, single page 0
Pages made young 0, not young 0
0.00 youngs/s, 0.00 non-youngs/s
Pages read 450, created 304, written 545
0.00 reads/s, 0.00 creates/s, 0.00 writes/s
No buffer pool page gets since the last printout
Pages read ahead 0.00/s, evicted without access 0.00/s, Random read ahead 0.00/s
LRU len: 754, unzip_LRU len: 0
I/O sum[0]:cur[0], unzip sum[0]:cur[0]
--------------
ROW OPERATIONS
--------------
0 queries inside InnoDB, 0 queries in queue
0 read views open inside InnoDB
Process ID=1, Main thread ID=140362389616384, state: sleeping
Number of rows inserted 1901, updated 0, deleted 0, read 3370
0.00 inserts/s, 0.00 updates/s, 0.00 deletes/s, 0.00 reads/s
----------------------------
END OF INNODB MONITOR OUTPUT
============================

1 row in set (0.18 sec)

ERROR:
No query specified